1690488616568	geckodriver	INFO	Listening on 127.0.0.1:45505
1690488617070	mozrunner::runner	INFO	Running command: "/usr/bin/firefox" "--marionette" "--remote-debugging-port" "35139" "-no-remote" "-profile" "/tmp/rust_mozprofileAsOAr0"

Command '/usr/bin/firefox' requires the firefox snap to be installed.
Please install it with:

snap install firefox

1690488929570	geckodriver	INFO	Listening on 127.0.0.1:44519

Command '/usr/bin/firefox' requires the firefox snap to be installed.
Please install it with:

snap install firefox

1690488930073	mozrunner::runner	INFO	Running command: MOZ_CRASHREPORTER="1" MOZ_CRASHREPORTER_NO_REPORT="1" MOZ_CRASHREPORTER_SHUTDOWN="1" MOZ_NO_REMOTE="1" "/usr ... te" "--remote-debugging-port" "60793" "--remote-allow-hosts" "localhost" "-no-remote" "-profile" "/tmp/rust_mozprofileXiVpSr"

Command '/usr/bin/firefox' requires the firefox snap to be installed.
Please install it with:

snap install firefox

1690489426874	geckodriver	INFO	Listening on 127.0.0.1:36063

Command '/usr/bin/firefox' requires the firefox snap to be installed.
Please install it with:

snap install firefox

1690489427375	mozrunner::runner	INFO	Running command: MOZ_CRASHREPORTER="1" MOZ_CRASHREPORTER_NO_REPORT="1" MOZ_CRASHREPORTER_SHUTDOWN="1" MOZ_NO_REMOTE="1" "/usr ... te" "--remote-debugging-port" "45827" "--remote-allow-hosts" "localhost" "-no-remote" "-profile" "/tmp/rust_mozprofileOQOcn6"

Command '/usr/bin/firefox' requires the firefox snap to be installed.
Please install it with:

snap install firefox

